
*** Running vivado
    with args -log top.vds -m64 -product Vivado -mode batch -messageDb vivado.pb -notrace -source top.tcl



****** Vivado v2020.2 (64-bit)
  **** SW Build 3064766 on Wed Nov 18 09:12:45 MST 2020
  **** IP Build 3064653 on Wed Nov 18 14:17:31 MST 2020
    ** Copyright 1986-2020 Xilinx, Inc. All Rights Reserved.

source top.tcl -notrace
Command: synth_design -top top -part xc7a35ticsg324-1L
Starting synth_design
Attempting to get a license for feature 'Synthesis' and/or device 'xc7a35ti'
INFO: [Common 17-349] Got license for feature 'Synthesis' and/or device 'xc7a35ti'
INFO: [Device 21-403] Loading part xc7a35ticsg324-1L
INFO: [Synth 8-7079] Multithreading enabled for synth_design using a maximum of 2 processes.
INFO: [Synth 8-7078] Launching helper process for spawning children vivado processes
INFO: [Synth 8-7075] Helper process launched with PID 1940
---------------------------------------------------------------------------------
Starting RTL Elaboration : Time (s): cpu = 00:00:04 ; elapsed = 00:00:04 . Memory (MB): peak = 1018.301 ; gain = 0.000
---------------------------------------------------------------------------------
INFO: [Synth 8-638] synthesizing module 'top' [D:/Documents/divinityqq/Project/ultrarangesens/ultrarangesens.srcs/sources_1/new/top.vhd:44]
INFO: [Synth 8-638] synthesizing module 'Distance_calculation' [D:/Documents/divinityqq/Project/ultrarangesens/ultrarangesens.srcs/sources_1/new/Distance_calculation.vhd:15]
	Parameter n bound to: 22 - type: integer 
INFO: [Synth 8-3491] module 'pulse_counter' declared at 'D:/Documents/divinityqq/Project/ultrarangesens/ultrarangesens.srcs/sources_1/new/pulse_counter.vhd:35' bound to instance 'Counter_pulse' of component 'pulse_counter' [D:/Documents/divinityqq/Project/ultrarangesens/ultrarangesens.srcs/sources_1/new/Distance_calculation.vhd:36]
INFO: [Synth 8-638] synthesizing module 'pulse_counter' [D:/Documents/divinityqq/Project/ultrarangesens/ultrarangesens.srcs/sources_1/new/pulse_counter.vhd:45]
	Parameter n bound to: 22 - type: integer 
INFO: [Synth 8-256] done synthesizing module 'pulse_counter' (1#1) [D:/Documents/divinityqq/Project/ultrarangesens/ultrarangesens.srcs/sources_1/new/pulse_counter.vhd:45]
WARNING: [Synth 8-614] signal 'Pulse_width' is read in the process but is not in the sensitivity list [D:/Documents/divinityqq/Project/ultrarangesens/ultrarangesens.srcs/sources_1/new/Distance_calculation.vhd:44]
INFO: [Synth 8-256] done synthesizing module 'Distance_calculation' (2#1) [D:/Documents/divinityqq/Project/ultrarangesens/ultrarangesens.srcs/sources_1/new/Distance_calculation.vhd:15]
INFO: [Synth 8-638] synthesizing module 'trig_gen' [D:/Documents/divinityqq/Project/ultrarangesens/ultrarangesens.srcs/sources_1/new/trig_gen.vhd:42]
	Parameter n bound to: 24 - type: integer 
INFO: [Synth 8-3491] module 'pulse_counter' declared at 'D:/Documents/divinityqq/Project/ultrarangesens/ultrarangesens.srcs/sources_1/new/pulse_counter.vhd:35' bound to instance 'trigger' of component 'pulse_counter' [D:/Documents/divinityqq/Project/ultrarangesens/ultrarangesens.srcs/sources_1/new/trig_gen.vhd:59]
INFO: [Synth 8-638] synthesizing module 'pulse_counter__parameterized1' [D:/Documents/divinityqq/Project/ultrarangesens/ultrarangesens.srcs/sources_1/new/pulse_counter.vhd:45]
	Parameter n bound to: 24 - type: integer 
INFO: [Synth 8-256] done synthesizing module 'pulse_counter__parameterized1' (2#1) [D:/Documents/divinityqq/Project/ultrarangesens/ultrarangesens.srcs/sources_1/new/pulse_counter.vhd:45]
INFO: [Synth 8-256] done synthesizing module 'trig_gen' (3#1) [D:/Documents/divinityqq/Project/ultrarangesens/ultrarangesens.srcs/sources_1/new/trig_gen.vhd:42]
INFO: [Synth 8-638] synthesizing module 'bin_to_dist_converter' [D:/Documents/divinityqq/Project/ultrarangesens/ultrarangesens.srcs/sources_1/new/bin_to_dist_converter.vhd:14]
INFO: [Synth 8-256] done synthesizing module 'bin_to_dist_converter' (4#1) [D:/Documents/divinityqq/Project/ultrarangesens/ultrarangesens.srcs/sources_1/new/bin_to_dist_converter.vhd:14]
INFO: [Synth 8-638] synthesizing module 'bin_to_bargraph' [D:/Documents/divinityqq/Project/ultrarangesens/ultrarangesens.srcs/sources_1/new/bin_to_bargraph.vhd:41]
INFO: [Synth 8-256] done synthesizing module 'bin_to_bargraph' (5#1) [D:/Documents/divinityqq/Project/ultrarangesens/ultrarangesens.srcs/sources_1/new/bin_to_bargraph.vhd:41]
INFO: [Synth 8-638] synthesizing module 'pwm' [D:/Documents/divinityqq/Project/ultrarangesens/ultrarangesens.srcs/sources_1/new/pwm.vhd:15]
INFO: [Synth 8-256] done synthesizing module 'pwm' (6#1) [D:/Documents/divinityqq/Project/ultrarangesens/ultrarangesens.srcs/sources_1/new/pwm.vhd:15]
INFO: [Synth 8-638] synthesizing module 'driver_7seg_4digits' [D:/Documents/divinityqq/Project/ultrarangesens/ultrarangesens.srcs/sources_1/new/driver_7seg_4digits.vhd:30]
INFO: [Synth 8-638] synthesizing module 'clock_enable' [D:/Documents/divinityqq/Project/ultrarangesens/ultrarangesens.srcs/sources_1/new/clock_enable.vhd:35]
	Parameter g_MAX bound to: 400000 - type: integer 
INFO: [Synth 8-256] done synthesizing module 'clock_enable' (7#1) [D:/Documents/divinityqq/Project/ultrarangesens/ultrarangesens.srcs/sources_1/new/clock_enable.vhd:35]
INFO: [Synth 8-638] synthesizing module 'cnt_up_down' [D:/Documents/divinityqq/Project/ultrarangesens/ultrarangesens.srcs/sources_1/new/cnt_up_down.vhd:35]
	Parameter g_CNT_WIDTH bound to: 2 - type: integer 
INFO: [Synth 8-256] done synthesizing module 'cnt_up_down' (8#1) [D:/Documents/divinityqq/Project/ultrarangesens/ultrarangesens.srcs/sources_1/new/cnt_up_down.vhd:35]
INFO: [Synth 8-638] synthesizing module 'hex_7seg' [D:/Documents/divinityqq/Project/ultrarangesens/ultrarangesens.srcs/sources_1/new/hex_7seg.vhd:39]
INFO: [Synth 8-256] done synthesizing module 'hex_7seg' (9#1) [D:/Documents/divinityqq/Project/ultrarangesens/ultrarangesens.srcs/sources_1/new/hex_7seg.vhd:39]
INFO: [Synth 8-256] done synthesizing module 'driver_7seg_4digits' (10#1) [D:/Documents/divinityqq/Project/ultrarangesens/ultrarangesens.srcs/sources_1/new/driver_7seg_4digits.vhd:30]
INFO: [Synth 8-256] done synthesizing module 'top' (11#1) [D:/Documents/divinityqq/Project/ultrarangesens/ultrarangesens.srcs/sources_1/new/top.vhd:44]
---------------------------------------------------------------------------------
Finished RTL Elaboration : Time (s): cpu = 00:00:05 ; elapsed = 00:00:05 . Memory (MB): peak = 1018.301 ; gain = 0.000
---------------------------------------------------------------------------------
---------------------------------------------------------------------------------
Start Handling Custom Attributes
---------------------------------------------------------------------------------
---------------------------------------------------------------------------------
Finished Handling Custom Attributes : Time (s): cpu = 00:00:05 ; elapsed = 00:00:06 . Memory (MB): peak = 1018.301 ; gain = 0.000
---------------------------------------------------------------------------------
---------------------------------------------------------------------------------
Finished RTL Optimization Phase 1 : Time (s): cpu = 00:00:05 ; elapsed = 00:00:06 . Memory (MB): peak = 1018.301 ; gain = 0.000
---------------------------------------------------------------------------------
Netlist sorting complete. Time (s): cpu = 00:00:00 ; elapsed = 00:00:00.006 . Memory (MB): peak = 1018.301 ; gain = 0.000
INFO: [Project 1-570] Preparing netlist for logic optimization

Processing XDC Constraints
Initializing timing engine
Parsing XDC File [D:/Documents/divinityqq/Project/ultrarangesens/ultrarangesens.srcs/constrs_1/new/constraints.xdc]
WARNING: [Vivado 12-507] No nets matched 'ja_IBUF[0]'. [D:/Documents/divinityqq/Project/ultrarangesens/ultrarangesens.srcs/constrs_1/new/constraints.xdc:10]
CRITICAL WARNING: [Common 17-55] 'set_property' expects at least one object. [D:/Documents/divinityqq/Project/ultrarangesens/ultrarangesens.srcs/constrs_1/new/constraints.xdc:10]
Resolution: If [get_<value>] was used to populate the object, check to make sure this command returns at least one valid object.
Finished Parsing XDC File [D:/Documents/divinityqq/Project/ultrarangesens/ultrarangesens.srcs/constrs_1/new/constraints.xdc]
INFO: [Project 1-236] Implementation specific constraints were found while reading constraint file [D:/Documents/divinityqq/Project/ultrarangesens/ultrarangesens.srcs/constrs_1/new/constraints.xdc]. These constraints will be ignored for synthesis but will be used in implementation. Impacted constraints are listed in the file [.Xil/top_propImpl.xdc].
Resolution: To avoid this warning, move constraints listed in [.Xil/top_propImpl.xdc] to another XDC file and exclude this new file from synthesis with the used_in_synthesis property (File Properties dialog in GUI) and re-run elaboration/synthesis.
Completed Processing XDC Constraints

Netlist sorting complete. Time (s): cpu = 00:00:00 ; elapsed = 00:00:00 . Memory (MB): peak = 1067.703 ; gain = 0.000
INFO: [Project 1-111] Unisim Transformation Summary:
No Unisim elements were transformed.

Constraint Validation Runtime : Time (s): cpu = 00:00:00 ; elapsed = 00:00:00.002 . Memory (MB): peak = 1067.703 ; gain = 0.000
---------------------------------------------------------------------------------
Finished Constraint Validation : Time (s): cpu = 00:00:11 ; elapsed = 00:00:12 . Memory (MB): peak = 1067.703 ; gain = 49.402
---------------------------------------------------------------------------------
---------------------------------------------------------------------------------
Start Loading Part and Timing Information
---------------------------------------------------------------------------------
Loading part: xc7a35ticsg324-1L
---------------------------------------------------------------------------------
Finished Loading Part and Timing Information : Time (s): cpu = 00:00:11 ; elapsed = 00:00:12 . Memory (MB): peak = 1067.703 ; gain = 49.402
---------------------------------------------------------------------------------
---------------------------------------------------------------------------------
Start Applying 'set_property' XDC Constraints
---------------------------------------------------------------------------------
---------------------------------------------------------------------------------
Finished applying 'set_property' XDC Constraints : Time (s): cpu = 00:00:11 ; elapsed = 00:00:12 . Memory (MB): peak = 1067.703 ; gain = 49.402
---------------------------------------------------------------------------------
WARNING: [Synth 8-327] inferring latch for variable 'Distance_o_reg' [D:/Documents/divinityqq/Project/ultrarangesens/ultrarangesens.srcs/sources_1/new/Distance_calculation.vhd:57]
---------------------------------------------------------------------------------
Finished RTL Optimization Phase 2 : Time (s): cpu = 00:00:11 ; elapsed = 00:00:12 . Memory (MB): peak = 1067.703 ; gain = 49.402
---------------------------------------------------------------------------------
---------------------------------------------------------------------------------
Start RTL Component Statistics 
---------------------------------------------------------------------------------
Detailed RTL Component Info : 
+---Adders : 
	   2 Input    4 Bit       Adders := 15    
	   2 Input    3 Bit       Adders := 1     
	   2 Input    2 Bit       Adders := 1     
+---Registers : 
	                4 Bit    Registers := 1     
	                2 Bit    Registers := 1     
	                1 Bit    Registers := 2     
+---Muxes : 
	   2 Input    9 Bit        Muxes := 1     
	   2 Input    4 Bit        Muxes := 16    
	   5 Input    4 Bit        Muxes := 1     
	   4 Input    4 Bit        Muxes := 2     
	   2 Input    3 Bit        Muxes := 1     
	   5 Input    3 Bit        Muxes := 1     
	   2 Input    2 Bit        Muxes := 2     
	   5 Input    1 Bit        Muxes := 3     
	   2 Input    1 Bit        Muxes := 4     
	   4 Input    1 Bit        Muxes := 1     
---------------------------------------------------------------------------------
Finished RTL Component Statistics 
---------------------------------------------------------------------------------
---------------------------------------------------------------------------------
Start Part Resource Summary
---------------------------------------------------------------------------------
Part Resources:
DSPs: 90 (col length:60)
BRAMs: 100 (col length: RAMB18 60 RAMB36 30)
---------------------------------------------------------------------------------
Finished Part Resource Summary
---------------------------------------------------------------------------------
---------------------------------------------------------------------------------
Start Cross Boundary and Area Optimization
---------------------------------------------------------------------------------
---------------------------------------------------------------------------------
Finished Cross Boundary and Area Optimization : Time (s): cpu = 00:00:14 ; elapsed = 00:00:16 . Memory (MB): peak = 1067.703 ; gain = 49.402
---------------------------------------------------------------------------------
---------------------------------------------------------------------------------
Start Applying XDC Timing Constraints
---------------------------------------------------------------------------------
---------------------------------------------------------------------------------
Finished Applying XDC Timing Constraints : Time (s): cpu = 00:00:19 ; elapsed = 00:00:22 . Memory (MB): peak = 1067.703 ; gain = 49.402
---------------------------------------------------------------------------------
---------------------------------------------------------------------------------
Start Timing Optimization
---------------------------------------------------------------------------------
---------------------------------------------------------------------------------
Finished Timing Optimization : Time (s): cpu = 00:00:20 ; elapsed = 00:00:22 . Memory (MB): peak = 1073.031 ; gain = 54.730
---------------------------------------------------------------------------------
---------------------------------------------------------------------------------
Start Technology Mapping
---------------------------------------------------------------------------------
---------------------------------------------------------------------------------
Finished Technology Mapping : Time (s): cpu = 00:00:20 ; elapsed = 00:00:22 . Memory (MB): peak = 1073.824 ; gain = 55.523
---------------------------------------------------------------------------------
---------------------------------------------------------------------------------
Start IO Insertion
---------------------------------------------------------------------------------
---------------------------------------------------------------------------------
Start Flattening Before IO Insertion
---------------------------------------------------------------------------------
---------------------------------------------------------------------------------
Finished Flattening Before IO Insertion
---------------------------------------------------------------------------------
---------------------------------------------------------------------------------
Start Final Netlist Cleanup
---------------------------------------------------------------------------------
---------------------------------------------------------------------------------
Finished Final Netlist Cleanup
---------------------------------------------------------------------------------
---------------------------------------------------------------------------------
Finished IO Insertion : Time (s): cpu = 00:00:23 ; elapsed = 00:00:26 . Memory (MB): peak = 1084.242 ; gain = 65.941
---------------------------------------------------------------------------------
---------------------------------------------------------------------------------
Start Renaming Generated Instances
---------------------------------------------------------------------------------
---------------------------------------------------------------------------------
Finished Renaming Generated Instances : Time (s): cpu = 00:00:23 ; elapsed = 00:00:26 . Memory (MB): peak = 1084.242 ; gain = 65.941
---------------------------------------------------------------------------------
---------------------------------------------------------------------------------
Start Rebuilding User Hierarchy
---------------------------------------------------------------------------------
---------------------------------------------------------------------------------
Finished Rebuilding User Hierarchy : Time (s): cpu = 00:00:23 ; elapsed = 00:00:26 . Memory (MB): peak = 1084.242 ; gain = 65.941
---------------------------------------------------------------------------------
---------------------------------------------------------------------------------
Start Renaming Generated Ports
---------------------------------------------------------------------------------
---------------------------------------------------------------------------------
Finished Renaming Generated Ports : Time (s): cpu = 00:00:23 ; elapsed = 00:00:26 . Memory (MB): peak = 1084.242 ; gain = 65.941
---------------------------------------------------------------------------------
---------------------------------------------------------------------------------
Start Handling Custom Attributes
---------------------------------------------------------------------------------
---------------------------------------------------------------------------------
Finished Handling Custom Attributes : Time (s): cpu = 00:00:23 ; elapsed = 00:00:26 . Memory (MB): peak = 1084.242 ; gain = 65.941
---------------------------------------------------------------------------------
---------------------------------------------------------------------------------
Start Renaming Generated Nets
---------------------------------------------------------------------------------
---------------------------------------------------------------------------------
Finished Renaming Generated Nets : Time (s): cpu = 00:00:23 ; elapsed = 00:00:26 . Memory (MB): peak = 1084.242 ; gain = 65.941
---------------------------------------------------------------------------------
---------------------------------------------------------------------------------
Start Writing Synthesis Report
---------------------------------------------------------------------------------

Report BlackBoxes: 
+-+--------------+----------+
| |BlackBox name |Instances |
+-+--------------+----------+
+-+--------------+----------+

Report Cell Usage: 
+------+-------+------+
|      |Cell   |Count |
+------+-------+------+
|1     |BUFG   |     2|
|2     |CARRY4 |    26|
|3     |LUT1   |     7|
|4     |LUT2   |    34|
|5     |LUT3   |    10|
|6     |LUT4   |    15|
|7     |LUT5   |    13|
|8     |LUT6   |    30|
|9     |FDCE   |    46|
|10    |FDRE   |    38|
|11    |LD     |     9|
|12    |IBUF   |     3|
|13    |OBUF   |    18|
+------+-------+------+
---------------------------------------------------------------------------------
Finished Writing Synthesis Report : Time (s): cpu = 00:00:23 ; elapsed = 00:00:26 . Memory (MB): peak = 1084.242 ; gain = 65.941
---------------------------------------------------------------------------------
Synthesis finished with 0 errors, 0 critical warnings and 1 warnings.
Synthesis Optimization Runtime : Time (s): cpu = 00:00:16 ; elapsed = 00:00:24 . Memory (MB): peak = 1084.242 ; gain = 16.539
Synthesis Optimization Complete : Time (s): cpu = 00:00:23 ; elapsed = 00:00:26 . Memory (MB): peak = 1084.242 ; gain = 65.941
INFO: [Project 1-571] Translating synthesized netlist
Netlist sorting complete. Time (s): cpu = 00:00:00 ; elapsed = 00:00:00.003 . Memory (MB): peak = 1094.816 ; gain = 0.000
INFO: [Netlist 29-17] Analyzing 35 Unisim elements for replacement
INFO: [Netlist 29-28] Unisim Transformation completed in 0 CPU seconds
INFO: [Project 1-570] Preparing netlist for logic optimization
INFO: [Opt 31-138] Pushed 1 inverter(s) to 9 load pin(s).
Netlist sorting complete. Time (s): cpu = 00:00:00 ; elapsed = 00:00:00.001 . Memory (MB): peak = 1096.504 ; gain = 0.000
INFO: [Project 1-111] Unisim Transformation Summary:
  A total of 9 instances were transformed.
  LD => LDCE (inverted pins: G): 9 instances

INFO: [Common 17-83] Releasing license: Synthesis
41 Infos, 3 Warnings, 1 Critical Warnings and 0 Errors encountered.
synth_design completed successfully
synth_design: Time (s): cpu = 00:00:28 ; elapsed = 00:00:33 . Memory (MB): peak = 1096.504 ; gain = 78.203
INFO: [runtcl-6] Synthesis results are not added to the cache due to CRITICAL_WARNING
INFO: [Common 17-1381] The checkpoint 'D:/Documents/divinityqq/Project/ultrarangesens/ultrarangesens.runs/synth_1/top.dcp' has been generated.
INFO: [runtcl-4] Executing : report_utilization -file top_utilization_synth.rpt -pb top_utilization_synth.pb
INFO: [Common 17-206] Exiting Vivado at Sun May  2 21:58:19 2021...
